<?xml version="1.0" encoding="UTF-8"?>
<testsuites>
  <testsuite name="" timestamp="2018-02-02T08:10:43" time="18.824" tests="3" failures="0" errors="1" skipped="0">
    <properties>
      <property name="specId" value="1a30cb6f57715f26575bca216db52ec9"/>
      <property name="suiteName" value="第一個前端測試程式"/>
      <property name="capabilities" value="chrome"/>
      <property name="file" value="./test/specs/login.test.js"/>
    </properties>
    <testcase classname="chrome." name="" time="7.036">
      <system-out>
        <![CDATA[
COMMAND: POST http://hub:4444/wd/hub/session/1edef08c-653e-4a0f-b01c-93f808e3d69b/url - {"url":"http://demo.keystonejs.com/keystone/signin"}
RESULT: {"state":"success","sessionId":"1edef08c-653e-4a0f-b01c-93f808e3d69b","hCode":1597131117,"value":null,"class":"org.openqa.selenium.remote.Response","status":0}
COMMAND: POST http://hub:4444/wd/hub/session/1edef08c-653e-4a0f-b01c-93f808e3d69b/element - {"using":"css selector","value":"input[name=email]"}
RESULT: {"state":"success","sessionId":"1edef08c-653e-4a0f-b01c-93f808e3d69b","hCode":946043687,"value":{"ELEMENT":"0"},"class":"org.openqa.selenium.remote.Response","status":0}
COMMAND: POST http://hub:4444/wd/hub/session/1edef08c-653e-4a0f-b01c-93f808e3d69b/element/0/clear - {}
RESULT: {"state":"success","sessionId":"1edef08c-653e-4a0f-b01c-93f808e3d69b","hCode":526692556,"value":null,"class":"org.openqa.selenium.remote.Response","status":0}
COMMAND: POST http://hub:4444/wd/hub/session/1edef08c-653e-4a0f-b01c-93f808e3d69b/element/0/value - {"value":["d","e","m","o","@","k","e","y","s","t","(9 more items)"],"text":"demo@keystonejs.com"}
RESULT: {"state":"success","sessionId":"1edef08c-653e-4a0f-b01c-93f808e3d69b","hCode":1389427564,"value":null,"class":"org.openqa.selenium.remote.Response","status":0}
COMMAND: POST http://hub:4444/wd/hub/session/1edef08c-653e-4a0f-b01c-93f808e3d69b/element - {"using":"css selector","value":"input[name=password]"}
RESULT: {"state":"success","sessionId":"1edef08c-653e-4a0f-b01c-93f808e3d69b","hCode":1909000274,"value":{"ELEMENT":"1"},"class":"org.openqa.selenium.remote.Response","status":0}
COMMAND: POST http://hub:4444/wd/hub/session/1edef08c-653e-4a0f-b01c-93f808e3d69b/element/1/clear - {}
RESULT: {"state":"success","sessionId":"1edef08c-653e-4a0f-b01c-93f808e3d69b","hCode":1222917694,"value":null,"class":"org.openqa.selenium.remote.Response","status":0}
COMMAND: POST http://hub:4444/wd/hub/session/1edef08c-653e-4a0f-b01c-93f808e3d69b/element/1/value - {"value":["1","2","3","4"],"text":"1234"}
RESULT: {"state":"success","sessionId":"1edef08c-653e-4a0f-b01c-93f808e3d69b","hCode":660769694,"value":null,"class":"org.openqa.selenium.remote.Response","status":0}
COMMAND: POST http://hub:4444/wd/hub/session/1edef08c-653e-4a0f-b01c-93f808e3d69b/element - {"using":"css selector","value":"button[type=submit]"}
RESULT: {"state":"success","sessionId":"1edef08c-653e-4a0f-b01c-93f808e3d69b","hCode":508595384,"value":{"ELEMENT":"2"},"class":"org.openqa.selenium.remote.Response","status":0}
COMMAND: POST http://hub:4444/wd/hub/session/1edef08c-653e-4a0f-b01c-93f808e3d69b/element/2/click - {}
RESULT: {"state":"success","sessionId":"1edef08c-653e-4a0f-b01c-93f808e3d69b","hCode":2007782530,"value":null,"class":"org.openqa.selenium.remote.Response","status":0}
COMMAND: POST http://hub:4444/wd/hub/session/1edef08c-653e-4a0f-b01c-93f808e3d69b/element - {"using":"css selector","value":"[data-alert-type=danger]"}
RESULT: {"message":"no such element: Unable to locate element: {\"method\":\"css selector\",\"selector\":\"[data-alert-type=danger]\"}","type":"RuntimeError","screenshot":"iVBORw0KGgoAAAANSUhEUgAABVAAAAP8CAIAAAAvEgKwAABjqUlEQVR42uzdCZgU9Z34/91cJj5u\nTDaJ7iZZ/4n5uYn5rbvxIJ4oKgaNGuVvErMxia664nqfUTEJh9z3JTCCoCAgCCKMiiiHch8Cct+X\ncgwMOCqXyDD+PplKajtzAzPAzLxezzw83dXV1d9uaqb73V ... (34344 more bytes)","seleniumStack":{"type":"NoSuchElement","message":"An element could not be located on the page using the given search parameters.","orgStatusMessage":"no such element: Unable to locate element: {\"method\":\"css selector\",\"selector\":\"[data-alert-type=danger]\"}\n  (Session info: chrome=53.0.2785.143)\n  (Driver info: chromedriver=2.24.417424 (c5c5ea873213 ... (1312 more bytes)"}}
COMMAND: POST http://hub:4444/wd/hub/session/1edef08c-653e-4a0f-b01c-93f808e3d69b/elements - {"using":"css selector","value":"[data-alert-type=danger]"}
RESULT: {"state":"success","sessionId":"1edef08c-653e-4a0f-b01c-93f808e3d69b","hCode":630410845,"value":[],"class":"org.openqa.selenium.remote.Response","status":0}
COMMAND: POST http://hub:4444/wd/hub/session/1edef08c-653e-4a0f-b01c-93f808e3d69b/elements - {"using":"css selector","value":"[data-alert-type=danger]"}
RESULT: {"state":"success","sessionId":"1edef08c-653e-4a0f-b01c-93f808e3d69b","hCode":1300228393,"value":[{"ELEMENT":"3"}],"class":"org.openqa.selenium.remote.Response","status":0}
COMMAND: POST http://hub:4444/wd/hub/session/1edef08c-653e-4a0f-b01c-93f808e3d69b/element - {"using":"css selector","value":"[data-alert-type=danger]"}
RESULT: {"state":"success","sessionId":"1edef08c-653e-4a0f-b01c-93f808e3d69b","hCode":1460295171,"value":{"ELEMENT":"3"},"class":"org.openqa.selenium.remote.Response","status":0}
COMMAND: GET http://hub:4444/wd/hub/session/1edef08c-653e-4a0f-b01c-93f808e3d69b/element/3/text - {}
RESULT: {"state":"success","sessionId":"1edef08c-653e-4a0f-b01c-93f808e3d69b","hCode":612484742,"value":"The email and password you entered are not valid.","class":"org.openqa.selenium.remote.Response","status":0}
]]>
      </system-out>
    </testcase>
    <testcase classname="chrome." name="" time="7.353">
      <system-out>
        <![CDATA[
COMMAND: POST http://hub:4444/wd/hub/session/1edef08c-653e-4a0f-b01c-93f808e3d69b/element - {"using":"css selector","value":"input[name=email]"}
RESULT: {"state":"success","sessionId":"1edef08c-653e-4a0f-b01c-93f808e3d69b","hCode":1397026224,"value":{"ELEMENT":"0"},"class":"org.openqa.selenium.remote.Response","status":0}
COMMAND: POST http://hub:4444/wd/hub/session/1edef08c-653e-4a0f-b01c-93f808e3d69b/element/0/clear - {}
RESULT: {"state":"success","sessionId":"1edef08c-653e-4a0f-b01c-93f808e3d69b","hCode":2036049064,"value":null,"class":"org.openqa.selenium.remote.Response","status":0}
COMMAND: POST http://hub:4444/wd/hub/session/1edef08c-653e-4a0f-b01c-93f808e3d69b/element/0/value - {"value":["d","e","m","o","@","k","e","y","s","t","(9 more items)"],"text":"demo@keystonejs.com"}
RESULT: {"state":"success","sessionId":"1edef08c-653e-4a0f-b01c-93f808e3d69b","hCode":1635624342,"value":null,"class":"org.openqa.selenium.remote.Response","status":0}
COMMAND: POST http://hub:4444/wd/hub/session/1edef08c-653e-4a0f-b01c-93f808e3d69b/element - {"using":"css selector","value":"input[name=password]"}
RESULT: {"state":"success","sessionId":"1edef08c-653e-4a0f-b01c-93f808e3d69b","hCode":1863403544,"value":{"ELEMENT":"1"},"class":"org.openqa.selenium.remote.Response","status":0}
COMMAND: POST http://hub:4444/wd/hub/session/1edef08c-653e-4a0f-b01c-93f808e3d69b/element/1/clear - {}
RESULT: {"state":"success","sessionId":"1edef08c-653e-4a0f-b01c-93f808e3d69b","hCode":457969959,"value":null,"class":"org.openqa.selenium.remote.Response","status":0}
COMMAND: POST http://hub:4444/wd/hub/session/1edef08c-653e-4a0f-b01c-93f808e3d69b/element/1/value - {"value":["d","e","m","o"],"text":"demo"}
RESULT: {"state":"success","sessionId":"1edef08c-653e-4a0f-b01c-93f808e3d69b","hCode":1058445314,"value":null,"class":"org.openqa.selenium.remote.Response","status":0}
COMMAND: POST http://hub:4444/wd/hub/session/1edef08c-653e-4a0f-b01c-93f808e3d69b/element - {"using":"css selector","value":"button[type=submit]"}
RESULT: {"state":"success","sessionId":"1edef08c-653e-4a0f-b01c-93f808e3d69b","hCode":860605283,"value":{"ELEMENT":"2"},"class":"org.openqa.selenium.remote.Response","status":0}
COMMAND: POST http://hub:4444/wd/hub/session/1edef08c-653e-4a0f-b01c-93f808e3d69b/element/2/click - {}
RESULT: {"state":"success","sessionId":"1edef08c-653e-4a0f-b01c-93f808e3d69b","hCode":1451164826,"value":null,"class":"org.openqa.selenium.remote.Response","status":0}
COMMAND: POST http://hub:4444/wd/hub/session/1edef08c-653e-4a0f-b01c-93f808e3d69b/element - {"using":"css selector","value":"[title=\"Sign Out\"]"}
RESULT: {"message":"no such element: Unable to locate element: {\"method\":\"css selector\",\"selector\":\"[title=\"Sign Out\"]\"}","type":"RuntimeError","screenshot":"iVBORw0KGgoAAAANSUhEUgAABVAAAAP8CAIAAAAvEgKwAAByNElEQVR42uzdCZRU5Z3475lkEhOP\nEzOTRGcm+c2ZMWe2/CczGZcY97jgvhETNVGjUROMUVHB3ci+I5siIKsgIAgqtAjIptAsDQgisnRD\ns++LDTaLKOD/W33xWumNVrqV5XnOezjV1VW33rp16epP31 ... (39373 more bytes)","seleniumStack":{"type":"NoSuchElement","message":"An element could not be located on the page using the given search parameters.","orgStatusMessage":"no such element: Unable to locate element: {\"method\":\"css selector\",\"selector\":\"[title=\"Sign Out\"]\"}\n  (Session info: chrome=53.0.2785.143)\n  (Driver info: chromedriver=2.24.417424 (c5c5ea873213ee72e3 ... (1300 more bytes)"}}
COMMAND: POST http://hub:4444/wd/hub/session/1edef08c-653e-4a0f-b01c-93f808e3d69b/elements - {"using":"css selector","value":"[title=\"Sign Out\"]"}
RESULT: {"state":"success","sessionId":"1edef08c-653e-4a0f-b01c-93f808e3d69b","hCode":1695873080,"value":[],"class":"org.openqa.selenium.remote.Response","status":0}
COMMAND: POST http://hub:4444/wd/hub/session/1edef08c-653e-4a0f-b01c-93f808e3d69b/elements - {"using":"css selector","value":"[title=\"Sign Out\"]"}
RESULT: {"state":"success","sessionId":"1edef08c-653e-4a0f-b01c-93f808e3d69b","hCode":1206197739,"value":[],"class":"org.openqa.selenium.remote.Response","status":0}
COMMAND: POST http://hub:4444/wd/hub/session/1edef08c-653e-4a0f-b01c-93f808e3d69b/elements - {"using":"css selector","value":"[title=\"Sign Out\"]"}
RESULT: {"state":"success","sessionId":"1edef08c-653e-4a0f-b01c-93f808e3d69b","hCode":82948879,"value":[{"ELEMENT":"4"}],"class":"org.openqa.selenium.remote.Response","status":0}
]]>
      </system-out>
    </testcase>
    <testcase classname="chrome." name="" time="4.431">
      <error message="expected 'You have been signed out.' to include 'You have been signe22d out.'"/>
      <system-out>
        <![CDATA[
COMMAND: POST http://hub:4444/wd/hub/session/1edef08c-653e-4a0f-b01c-93f808e3d69b/element - {"using":"css selector","value":"[title=\"Sign Out\"]"}
RESULT: {"state":"success","sessionId":"1edef08c-653e-4a0f-b01c-93f808e3d69b","hCode":1142955061,"value":{"ELEMENT":"4"},"class":"org.openqa.selenium.remote.Response","status":0}
COMMAND: POST http://hub:4444/wd/hub/session/1edef08c-653e-4a0f-b01c-93f808e3d69b/element/4/click - {}
RESULT: {"state":"success","sessionId":"1edef08c-653e-4a0f-b01c-93f808e3d69b","hCode":1767028425,"value":null,"class":"org.openqa.selenium.remote.Response","status":0}
COMMAND: POST http://hub:4444/wd/hub/session/1edef08c-653e-4a0f-b01c-93f808e3d69b/element - {"using":"css selector","value":"[data-alert-type=info]"}
RESULT: {"state":"success","sessionId":"1edef08c-653e-4a0f-b01c-93f808e3d69b","hCode":1622284583,"value":{"ELEMENT":"5"},"class":"org.openqa.selenium.remote.Response","status":0}
COMMAND: POST http://hub:4444/wd/hub/session/1edef08c-653e-4a0f-b01c-93f808e3d69b/elements - {"using":"css selector","value":"[data-alert-type=info]"}
RESULT: {"state":"success","sessionId":"1edef08c-653e-4a0f-b01c-93f808e3d69b","hCode":616001712,"value":[{"ELEMENT":"5"}],"class":"org.openqa.selenium.remote.Response","status":0}
COMMAND: POST http://hub:4444/wd/hub/session/1edef08c-653e-4a0f-b01c-93f808e3d69b/element - {"using":"css selector","value":"[data-alert-type=info]"}
RESULT: {"state":"success","sessionId":"1edef08c-653e-4a0f-b01c-93f808e3d69b","hCode":494202870,"value":{"ELEMENT":"5"},"class":"org.openqa.selenium.remote.Response","status":0}
COMMAND: GET http://hub:4444/wd/hub/session/1edef08c-653e-4a0f-b01c-93f808e3d69b/element/5/text - {}
RESULT: {"state":"success","sessionId":"1edef08c-653e-4a0f-b01c-93f808e3d69b","hCode":1634530927,"value":"You have been signed out.","class":"org.openqa.selenium.remote.Response","status":0}
COMMAND: DELETE http://hub:4444/wd/hub/session/1edef08c-653e-4a0f-b01c-93f808e3d69b - {}
RESULT: {"state":"success","sessionId":"1edef08c-653e-4a0f-b01c-93f808e3d69b","hCode":292008004,"value":null,"class":"org.openqa.selenium.remote.Response","status":0}
]]>
      </system-out>
      <system-err>
        <![CDATA[
AssertionError: expected 'You have been signed out.' to include 'You have been signe22d out.'
    at Context.<anonymous> (/wdio-demo/test/specs/login.test.js:43:46)
    at new Promise (<anonymous>)
    at new F (/wdio-demo/node_modules/core-js/library/modules/_export.js:35:28)
]]>
      </system-err>
    </testcase>
  </testsuite>
</testsuites>