<?xml version="1.0" encoding="UTF-8"?>
<testsuites>
  <testsuite name="" timestamp="2018-02-01T14:57:00" time="19.685" tests="3" failures="0" errors="0" skipped="0">
    <properties>
      <property name="specId" value="6ae86d57624fa3107aa35533d5a16b43"/>
      <property name="suiteName" value="第一個前端測試程式"/>
      <property name="capabilities" value="chrome"/>
      <property name="file" value="./test/specs/login.test.js"/>
    </properties>
    <testcase classname="chrome." name="" time="7.327">
      <system-out>
        <![CDATA[
COMMAND: POST http://127.0.0.1:4444/wd/hub/session/6b25ec39db796bc3e7765388b6771e14/url - {"url":"http://demo.keystonejs.com/keystone/signin"}
RESULT: {"sessionId":"6b25ec39db796bc3e7765388b6771e14","status":0,"value":null}
COMMAND: POST http://127.0.0.1:4444/wd/hub/session/6b25ec39db796bc3e7765388b6771e14/element - {"using":"css selector","value":"input[name=email]"}
RESULT: {"sessionId":"6b25ec39db796bc3e7765388b6771e14","status":0,"value":{"ELEMENT":"0.9640691722752432-1"}}
COMMAND: POST http://127.0.0.1:4444/wd/hub/session/6b25ec39db796bc3e7765388b6771e14/element/0.9640691722752432-1/clear - {}
RESULT: {"sessionId":"6b25ec39db796bc3e7765388b6771e14","status":0,"value":null}
COMMAND: POST http://127.0.0.1:4444/wd/hub/session/6b25ec39db796bc3e7765388b6771e14/element/0.9640691722752432-1/value - {"value":["d","e","m","o","@","k","e","y","s","t","(9 more items)"],"text":"demo@keystonejs.com"}
RESULT: {"sessionId":"6b25ec39db796bc3e7765388b6771e14","status":0,"value":null}
COMMAND: POST http://127.0.0.1:4444/wd/hub/session/6b25ec39db796bc3e7765388b6771e14/element - {"using":"css selector","value":"input[name=password]"}
RESULT: {"sessionId":"6b25ec39db796bc3e7765388b6771e14","status":0,"value":{"ELEMENT":"0.9640691722752432-2"}}
COMMAND: POST http://127.0.0.1:4444/wd/hub/session/6b25ec39db796bc3e7765388b6771e14/element/0.9640691722752432-2/clear - {}
RESULT: {"sessionId":"6b25ec39db796bc3e7765388b6771e14","status":0,"value":null}
COMMAND: POST http://127.0.0.1:4444/wd/hub/session/6b25ec39db796bc3e7765388b6771e14/element/0.9640691722752432-2/value - {"value":["1","2","3","4"],"text":"1234"}
RESULT: {"sessionId":"6b25ec39db796bc3e7765388b6771e14","status":0,"value":null}
COMMAND: POST http://127.0.0.1:4444/wd/hub/session/6b25ec39db796bc3e7765388b6771e14/element - {"using":"css selector","value":"button[type=submit]"}
RESULT: {"sessionId":"6b25ec39db796bc3e7765388b6771e14","status":0,"value":{"ELEMENT":"0.9640691722752432-3"}}
COMMAND: POST http://127.0.0.1:4444/wd/hub/session/6b25ec39db796bc3e7765388b6771e14/element/0.9640691722752432-3/click - {}
RESULT: {"sessionId":"6b25ec39db796bc3e7765388b6771e14","status":0,"value":null}
COMMAND: POST http://127.0.0.1:4444/wd/hub/session/6b25ec39db796bc3e7765388b6771e14/element - {"using":"css selector","value":"[data-alert-type=danger]"}
RESULT: {"message":"no such element: Unable to locate element: {\"method\":\"css selector\",\"selector\":\"[data-alert-type=danger]\"}","type":"RuntimeError","seleniumStack":{"type":"NoSuchElement","message":"An element could not be located on the page using the given search parameters.","orgStatusMessage":"no such element: Unable to locate element: {\"method\":\"css selector\",\"selector\":\"[data-alert-type=danger]\"}\n  (Session info: chrome=64.0.3282.119)\n  (Driver info: chromedriver=2.35.528157 (4429ca2590d6988c0745c24c8858745aaaec01ef),platform=Mac OS X 10.13.3 x86_64)"}}
COMMAND: POST http://127.0.0.1:4444/wd/hub/session/6b25ec39db796bc3e7765388b6771e14/elements - {"using":"css selector","value":"[data-alert-type=danger]"}
RESULT: {"sessionId":"6b25ec39db796bc3e7765388b6771e14","status":0,"value":[]}
COMMAND: POST http://127.0.0.1:4444/wd/hub/session/6b25ec39db796bc3e7765388b6771e14/elements - {"using":"css selector","value":"[data-alert-type=danger]"}
RESULT: {"sessionId":"6b25ec39db796bc3e7765388b6771e14","status":0,"value":[{"ELEMENT":"0.9640691722752432-4"}]}
COMMAND: POST http://127.0.0.1:4444/wd/hub/session/6b25ec39db796bc3e7765388b6771e14/element - {"using":"css selector","value":"[data-alert-type=danger]"}
RESULT: {"sessionId":"6b25ec39db796bc3e7765388b6771e14","status":0,"value":{"ELEMENT":"0.9640691722752432-4"}}
COMMAND: GET http://127.0.0.1:4444/wd/hub/session/6b25ec39db796bc3e7765388b6771e14/element/0.9640691722752432-4/text - {}
RESULT: {"sessionId":"6b25ec39db796bc3e7765388b6771e14","status":0,"value":"The email and password you entered are not valid."}
]]>
      </system-out>
    </testcase>
    <testcase classname="chrome." name="" time="7.449">
      <system-out>
        <![CDATA[
COMMAND: POST http://127.0.0.1:4444/wd/hub/session/6b25ec39db796bc3e7765388b6771e14/element - {"using":"css selector","value":"input[name=email]"}
RESULT: {"sessionId":"6b25ec39db796bc3e7765388b6771e14","status":0,"value":{"ELEMENT":"0.9640691722752432-1"}}
COMMAND: POST http://127.0.0.1:4444/wd/hub/session/6b25ec39db796bc3e7765388b6771e14/element/0.9640691722752432-1/clear - {}
RESULT: {"sessionId":"6b25ec39db796bc3e7765388b6771e14","status":0,"value":null}
COMMAND: POST http://127.0.0.1:4444/wd/hub/session/6b25ec39db796bc3e7765388b6771e14/element/0.9640691722752432-1/value - {"value":["d","e","m","o","@","k","e","y","s","t","(9 more items)"],"text":"demo@keystonejs.com"}
RESULT: {"sessionId":"6b25ec39db796bc3e7765388b6771e14","status":0,"value":null}
COMMAND: POST http://127.0.0.1:4444/wd/hub/session/6b25ec39db796bc3e7765388b6771e14/element - {"using":"css selector","value":"input[name=password]"}
RESULT: {"sessionId":"6b25ec39db796bc3e7765388b6771e14","status":0,"value":{"ELEMENT":"0.9640691722752432-2"}}
COMMAND: POST http://127.0.0.1:4444/wd/hub/session/6b25ec39db796bc3e7765388b6771e14/element/0.9640691722752432-2/clear - {}
RESULT: {"sessionId":"6b25ec39db796bc3e7765388b6771e14","status":0,"value":null}
COMMAND: POST http://127.0.0.1:4444/wd/hub/session/6b25ec39db796bc3e7765388b6771e14/element/0.9640691722752432-2/value - {"value":["d","e","m","o"],"text":"demo"}
RESULT: {"sessionId":"6b25ec39db796bc3e7765388b6771e14","status":0,"value":null}
COMMAND: POST http://127.0.0.1:4444/wd/hub/session/6b25ec39db796bc3e7765388b6771e14/element - {"using":"css selector","value":"button[type=submit]"}
RESULT: {"sessionId":"6b25ec39db796bc3e7765388b6771e14","status":0,"value":{"ELEMENT":"0.9640691722752432-3"}}
COMMAND: POST http://127.0.0.1:4444/wd/hub/session/6b25ec39db796bc3e7765388b6771e14/element/0.9640691722752432-3/click - {}
RESULT: {"sessionId":"6b25ec39db796bc3e7765388b6771e14","status":0,"value":null}
COMMAND: POST http://127.0.0.1:4444/wd/hub/session/6b25ec39db796bc3e7765388b6771e14/element - {"using":"css selector","value":"[title=\"Sign Out\"]"}
RESULT: {"message":"no such element: Unable to locate element: {\"method\":\"css selector\",\"selector\":\"[title=\"Sign Out\"]\"}","type":"RuntimeError","seleniumStack":{"type":"NoSuchElement","message":"An element could not be located on the page using the given search parameters.","orgStatusMessage":"no such element: Unable to locate element: {\"method\":\"css selector\",\"selector\":\"[title=\"Sign Out\"]\"}\n  (Session info: chrome=64.0.3282.119)\n  (Driver info: chromedriver=2.35.528157 (4429ca2590d6988c0745c24c8858745aaaec01ef),platform=Mac OS X 10.13.3 x86_64)"}}
COMMAND: POST http://127.0.0.1:4444/wd/hub/session/6b25ec39db796bc3e7765388b6771e14/elements - {"using":"css selector","value":"[title=\"Sign Out\"]"}
RESULT: {"sessionId":"6b25ec39db796bc3e7765388b6771e14","status":0,"value":[]}
COMMAND: POST http://127.0.0.1:4444/wd/hub/session/6b25ec39db796bc3e7765388b6771e14/elements - {"using":"css selector","value":"[title=\"Sign Out\"]"}
RESULT: {"sessionId":"6b25ec39db796bc3e7765388b6771e14","status":0,"value":[{"ELEMENT":"0.8865600362086317-1"}]}
]]>
      </system-out>
    </testcase>
    <testcase classname="chrome." name="" time="4.907">
      <system-out>
        <![CDATA[
COMMAND: POST http://127.0.0.1:4444/wd/hub/session/6b25ec39db796bc3e7765388b6771e14/element - {"using":"css selector","value":"[title=\"Sign Out\"]"}
RESULT: {"sessionId":"6b25ec39db796bc3e7765388b6771e14","status":0,"value":{"ELEMENT":"0.8865600362086317-1"}}
COMMAND: POST http://127.0.0.1:4444/wd/hub/session/6b25ec39db796bc3e7765388b6771e14/element/0.8865600362086317-1/click - {}
RESULT: {"sessionId":"6b25ec39db796bc3e7765388b6771e14","status":0,"value":null}
COMMAND: POST http://127.0.0.1:4444/wd/hub/session/6b25ec39db796bc3e7765388b6771e14/element - {"using":"css selector","value":"[data-alert-type=info]"}
RESULT: {"sessionId":"6b25ec39db796bc3e7765388b6771e14","status":0,"value":{"ELEMENT":"0.6986560546164111-1"}}
COMMAND: POST http://127.0.0.1:4444/wd/hub/session/6b25ec39db796bc3e7765388b6771e14/elements - {"using":"css selector","value":"[data-alert-type=info]"}
RESULT: {"sessionId":"6b25ec39db796bc3e7765388b6771e14","status":0,"value":[{"ELEMENT":"0.6986560546164111-1"}]}
COMMAND: POST http://127.0.0.1:4444/wd/hub/session/6b25ec39db796bc3e7765388b6771e14/element - {"using":"css selector","value":"[data-alert-type=info]"}
RESULT: {"sessionId":"6b25ec39db796bc3e7765388b6771e14","status":0,"value":{"ELEMENT":"0.6986560546164111-1"}}
COMMAND: GET http://127.0.0.1:4444/wd/hub/session/6b25ec39db796bc3e7765388b6771e14/element/0.6986560546164111-1/text - {}
RESULT: {"sessionId":"6b25ec39db796bc3e7765388b6771e14","status":0,"value":"You have been signed out."}
COMMAND: DELETE http://127.0.0.1:4444/wd/hub/session/6b25ec39db796bc3e7765388b6771e14 - {}
RESULT: {"sessionId":"6b25ec39db796bc3e7765388b6771e14","status":0,"value":null}
]]>
      </system-out>
    </testcase>
  </testsuite>
</testsuites>