<?xml version="1.0" encoding="UTF-8"?>
<testsuites>
  <testsuite name="test" timestamp="2018-02-02T08:10:34" time="4.5" tests="1" failures="0" errors="0" skipped="0">
    <properties>
      <property name="specId" value="97e537137a032c04d17e17836b074f17"/>
      <property name="suiteName" value="test"/>
      <property name="capabilities" value="firefox"/>
      <property name="file" value="./test/specs/upload.test.js"/>
    </properties>
    <testcase classname="firefox.test" name="" time="4.499">
      <system-out>
        <![CDATA[
COMMAND: POST http://hub:4444/wd/hub/session/72d8f6f4-082c-4c36-9de0-00b59e0bc111/url - {"url":"http://the-internet.herokuapp.com/upload"}
RESULT: {"state":"success","sessionId":"72d8f6f4-082c-4c36-9de0-00b59e0bc111","hCode":1196291583,"value":null,"class":"org.openqa.selenium.remote.Response","status":0}
COMMAND: POST http://hub:4444/wd/hub/session/72d8f6f4-082c-4c36-9de0-00b59e0bc111/file - {"file":"[base64] 26916 bytes"}
RESULT: {"state":"success","sessionId":"72d8f6f4-082c-4c36-9de0-00b59e0bc111","hCode":817270010,"value":"/tmp/72d8f6f4-082c-4c36-9de0-00b59e0bc111/upload6622658719992153647file/sign.png","class":"org.openqa.selenium.remote.Response","status":0}
COMMAND: POST http://hub:4444/wd/hub/session/72d8f6f4-082c-4c36-9de0-00b59e0bc111/elements - {"using":"id","value":"file-upload"}
RESULT: {"state":"success","sessionId":"72d8f6f4-082c-4c36-9de0-00b59e0bc111","hCode":88033650,"value":[{"ELEMENT":"0"}],"class":"org.openqa.selenium.remote.Response","status":0}
COMMAND: POST http://hub:4444/wd/hub/session/72d8f6f4-082c-4c36-9de0-00b59e0bc111/element/0/value - {"value":["/","t","m","p","/","7","2","d","8","f","(70 more items)"],"text":"/tmp/72d8f6f4-082c-4c36-9de0-00b59e0bc111/upload6622658719992153647file/sign.png"}
RESULT: {"state":"success","sessionId":"72d8f6f4-082c-4c36-9de0-00b59e0bc111","hCode":1460372730,"value":null,"class":"org.openqa.selenium.remote.Response","status":0}
COMMAND: POST http://hub:4444/wd/hub/session/72d8f6f4-082c-4c36-9de0-00b59e0bc111/element - {"using":"id","value":"file-submit"}
RESULT: {"state":"success","sessionId":"72d8f6f4-082c-4c36-9de0-00b59e0bc111","hCode":1378393222,"value":{"ELEMENT":"1"},"class":"org.openqa.selenium.remote.Response","status":0}
COMMAND: POST http://hub:4444/wd/hub/session/72d8f6f4-082c-4c36-9de0-00b59e0bc111/element/1/click - {}
RESULT: {"state":"success","sessionId":"72d8f6f4-082c-4c36-9de0-00b59e0bc111","hCode":1404891598,"value":null,"class":"org.openqa.selenium.remote.Response","status":0}
COMMAND: POST http://hub:4444/wd/hub/session/72d8f6f4-082c-4c36-9de0-00b59e0bc111/elements - {"using":"id","value":"uploaded-files"}
RESULT: {"state":"success","sessionId":"72d8f6f4-082c-4c36-9de0-00b59e0bc111","hCode":2055755194,"value":[{"ELEMENT":"2"}],"class":"org.openqa.selenium.remote.Response","status":0}
COMMAND: POST http://hub:4444/wd/hub/session/72d8f6f4-082c-4c36-9de0-00b59e0bc111/elements - {"using":"id","value":"uploaded-files"}
RESULT: {"state":"success","sessionId":"72d8f6f4-082c-4c36-9de0-00b59e0bc111","hCode":1759393186,"value":[{"ELEMENT":"2"}],"class":"org.openqa.selenium.remote.Response","status":0}
COMMAND: GET http://hub:4444/wd/hub/session/72d8f6f4-082c-4c36-9de0-00b59e0bc111/element/2/text - {}
RESULT: {"state":"success","sessionId":"72d8f6f4-082c-4c36-9de0-00b59e0bc111","hCode":1682255938,"value":"sign.png","class":"org.openqa.selenium.remote.Response","status":0}
COMMAND: DELETE http://hub:4444/wd/hub/session/72d8f6f4-082c-4c36-9de0-00b59e0bc111 - {}
RESULT: {"state":"success","sessionId":"72d8f6f4-082c-4c36-9de0-00b59e0bc111","hCode":423402041,"value":null,"class":"org.openqa.selenium.remote.Response","status":0}
]]>
      </system-out>
    </testcase>
  </testsuite>
</testsuites>