<?xml version="1.0" encoding="UTF-8"?>
<testsuites>
  <testsuite name="test" timestamp="2018-02-02T08:11:03" time="3.018" tests="1" failures="0" errors="0" skipped="0">
    <properties>
      <property name="specId" value="0b81b034d7e1b0fa0eaad31f27c4259e"/>
      <property name="suiteName" value="test"/>
      <property name="capabilities" value="firefox"/>
      <property name="file" value="./test/specs/basic-auth.test.js"/>
    </properties>
    <testcase classname="firefox.test" name="basic_auth" time="3.015">
      <system-out>
        <![CDATA[
COMMAND: POST http://hub:4444/wd/hub/session/6a0f2ad3-bbe3-4b94-a07d-0d14b4ccfce2/url - {"url":"http://admin:admin@the-internet.herokuapp.com/basic_auth"}
RESULT: {"state":"success","sessionId":"6a0f2ad3-bbe3-4b94-a07d-0d14b4ccfce2","hCode":1456985271,"value":null,"class":"org.openqa.selenium.remote.Response","status":0}
COMMAND: POST http://hub:4444/wd/hub/session/6a0f2ad3-bbe3-4b94-a07d-0d14b4ccfce2/elements - {"using":"css selector","value":".example > p"}
RESULT: {"state":"success","sessionId":"6a0f2ad3-bbe3-4b94-a07d-0d14b4ccfce2","hCode":527984036,"value":[{"ELEMENT":"0"}],"class":"org.openqa.selenium.remote.Response","status":0}
COMMAND: POST http://hub:4444/wd/hub/session/6a0f2ad3-bbe3-4b94-a07d-0d14b4ccfce2/elements - {"using":"css selector","value":".example > p"}
RESULT: {"state":"success","sessionId":"6a0f2ad3-bbe3-4b94-a07d-0d14b4ccfce2","hCode":97112575,"value":[{"ELEMENT":"0"}],"class":"org.openqa.selenium.remote.Response","status":0}
COMMAND: GET http://hub:4444/wd/hub/session/6a0f2ad3-bbe3-4b94-a07d-0d14b4ccfce2/element/0/text - {}
RESULT: {"state":"success","sessionId":"6a0f2ad3-bbe3-4b94-a07d-0d14b4ccfce2","hCode":1077774799,"value":"Congratulations! You must have the proper credentials.","class":"org.openqa.selenium.remote.Response","status":0}
COMMAND: DELETE http://hub:4444/wd/hub/session/6a0f2ad3-bbe3-4b94-a07d-0d14b4ccfce2 - {}
RESULT: {"state":"success","sessionId":"6a0f2ad3-bbe3-4b94-a07d-0d14b4ccfce2","hCode":682069779,"value":null,"class":"org.openqa.selenium.remote.Response","status":0}
]]>
      </system-out>
    </testcase>
  </testsuite>
</testsuites>